<?xml version="1.0" encoding="UTF-8"?>
<testng-results skipped="0" failed="0" total="1" passed="1">
  <reporter-output>
  </reporter-output>
  <suite name="Default suite" duration-ms="170736" started-at="2017-05-28T17:22:53Z" finished-at="2017-05-28T17:25:44Z">
    <groups>
    </groups>
    <test name="Default test" duration-ms="170736" started-at="2017-05-28T17:22:53Z" finished-at="2017-05-28T17:25:44Z">
      <class name="testCases.VerifyHomePage">
        <test-method status="PASS" signature="setUp()[pri:0, instance:testCases.VerifyHomePage@3f197a46]" name="setUp" is-config="true" duration-ms="32506" started-at="2017-05-28T22:52:53Z" finished-at="2017-05-28T22:53:26Z">
          <reporter-output>
          </reporter-output>
        </test-method> <!-- setUp -->
        <test-method status="PASS" signature="testHomePage()[pri:0, instance:testCases.VerifyHomePage@3f197a46]" name="testHomePage" duration-ms="136270" started-at="2017-05-28T22:53:26Z" finished-at="2017-05-28T22:55:42Z">
          <reporter-output>
          </reporter-output>
        </test-method> <!-- testHomePage -->
        <test-method status="PASS" signature="tearDown()[pri:0, instance:testCases.VerifyHomePage@3f197a46]" name="tearDown" is-config="true" duration-ms="1867" started-at="2017-05-28T22:55:42Z" finished-at="2017-05-28T22:55:44Z">
          <reporter-output>
          </reporter-output>
        </test-method> <!-- tearDown -->
      </class> <!-- testCases.VerifyHomePage -->
    </test> <!-- Default test -->
  </suite> <!-- Default suite -->
</testng-results>
